{"/Users/vincent/Documents/Vincent/vue-particle-effect-buttons/src/index.vue": {"path":"/Users/vincent/Documents/Vincent/vue-particle-effect-buttons/src/index.vue","statementMap":{"0":{"start":{"line":27,"column":0},"end":{"line":null,"column":-1}},"1":{"start":{"line":30,"column":0},"end":{"line":null,"column":-1}},"2":{"start":{"line":32,"column":0},"end":{"line":null,"column":-1}},"3":{"start":{"line":35,"column":0},"end":{"line":null,"column":-1}},"4":{"start":{"line":38,"column":0},"end":{"line":null,"column":-1}},"5":{"start":{"line":42,"column":0},"end":{"line":null,"column":-1}},"6":{"start":{"line":46,"column":0},"end":{"line":48,"column":0}},"7":{"start":{"line":47,"column":0},"end":{"line":null,"column":-1}},"8":{"start":{"line":52,"column":0},"end":{"line":null,"column":-1}},"9":{"start":{"line":56,"column":0},"end":{"line":null,"column":-1}},"10":{"start":{"line":64,"column":0},"end":{"line":null,"column":-1}},"11":{"start":{"line":67,"column":0},"end":{"line":null,"column":-1}},"12":{"start":{"line":77,"column":0},"end":{"line":null,"column":-1}},"13":{"start":{"line":94,"column":0},"end":{"line":null,"column":-1}},"14":{"start":{"line":110,"column":0},"end":{"line":null,"column":-1}},"15":{"start":{"line":111,"column":0},"end":{"line":null,"column":-1}},"16":{"start":{"line":112,"column":0},"end":{"line":null,"column":-1}},"17":{"start":{"line":116,"column":0},"end":{"line":null,"column":-1}},"18":{"start":{"line":117,"column":0},"end":{"line":null,"column":-1}},"19":{"start":{"line":118,"column":0},"end":{"line":null,"column":-1}},"20":{"start":{"line":121,"column":0},"end":{"line":144,"column":0}},"21":{"start":{"line":123,"column":0},"end":{"line":null,"column":-1}},"22":{"start":{"line":125,"column":0},"end":{"line":127,"column":0}},"23":{"start":{"line":126,"column":0},"end":{"line":null,"column":-1}},"24":{"start":{"line":128,"column":0},"end":{"line":null,"column":-1}},"25":{"start":{"line":129,"column":0},"end":{"line":null,"column":-1}},"26":{"start":{"line":131,"column":0},"end":{"line":null,"column":-1}},"27":{"start":{"line":132,"column":0},"end":{"line":138,"column":0}},"28":{"start":{"line":133,"column":0},"end":{"line":null,"column":-1}},"29":{"start":{"line":134,"column":0},"end":{"line":null,"column":-1}},"30":{"start":{"line":135,"column":0},"end":{"line":137,"column":0}},"31":{"start":{"line":136,"column":0},"end":{"line":null,"column":-1}},"32":{"start":{"line":139,"column":0},"end":{"line":null,"column":-1}},"33":{"start":{"line":141,"column":0},"end":{"line":143,"column":0}},"34":{"start":{"line":142,"column":0},"end":{"line":null,"column":-1}},"35":{"start":{"line":147,"column":0},"end":{"line":null,"column":-1}},"36":{"start":{"line":148,"column":0},"end":{"line":null,"column":-1}},"37":{"start":{"line":149,"column":0},"end":{"line":159,"column":0}},"38":{"start":{"line":150,"column":0},"end":{"line":null,"column":-1}},"39":{"start":{"line":152,"column":0},"end":{"line":null,"column":-1}},"40":{"start":{"line":156,"column":0},"end":{"line":null,"column":-1}},"41":{"start":{"line":162,"column":0},"end":{"line":null,"column":-1}},"42":{"start":{"line":170,"column":0},"end":{"line":172,"column":0}},"43":{"start":{"line":171,"column":0},"end":{"line":null,"column":-1}},"44":{"start":{"line":177,"column":0},"end":{"line":null,"column":-1}},"45":{"start":{"line":178,"column":0},"end":{"line":null,"column":-1}},"46":{"start":{"line":183,"column":0},"end":{"line":null,"column":-1}},"47":{"start":{"line":184,"column":0},"end":{"line":null,"column":-1}},"48":{"start":{"line":187,"column":0},"end":{"line":null,"column":-1}},"49":{"start":{"line":190,"column":0},"end":{"line":null,"column":-1}},"50":{"start":{"line":191,"column":0},"end":{"line":null,"column":-1}},"51":{"start":{"line":192,"column":0},"end":{"line":null,"column":-1}},"52":{"start":{"line":193,"column":0},"end":{"line":null,"column":-1}},"53":{"start":{"line":196,"column":0},"end":{"line":206,"column":0}},"54":{"start":{"line":197,"column":0},"end":{"line":null,"column":-1}},"55":{"start":{"line":202,"column":0},"end":{"line":null,"column":-1}},"56":{"start":{"line":207,"column":0},"end":{"line":null,"column":-1}},"57":{"start":{"line":211,"column":0},"end":{"line":null,"column":-1}},"58":{"start":{"line":212,"column":0},"end":{"line":219,"column":0}},"59":{"start":{"line":213,"column":0},"end":{"line":218,"column":0}},"60":{"start":{"line":214,"column":0},"end":{"line":null,"column":-1}},"61":{"start":{"line":220,"column":0},"end":{"line":223,"column":0}},"62":{"start":{"line":221,"column":0},"end":{"line":null,"column":-1}},"63":{"start":{"line":222,"column":0},"end":{"line":null,"column":-1}},"64":{"start":{"line":226,"column":0},"end":{"line":null,"column":-1}},"65":{"start":{"line":227,"column":0},"end":{"line":null,"column":-1}},"66":{"start":{"line":230,"column":0},"end":{"line":null,"column":-1}},"67":{"start":{"line":233,"column":0},"end":{"line":null,"column":-1}},"68":{"start":{"line":251,"column":0},"end":{"line":253,"column":0}},"69":{"start":{"line":252,"column":0},"end":{"line":null,"column":-1}},"70":{"start":{"line":254,"column":0},"end":{"line":null,"column":-1}},"71":{"start":{"line":257,"column":0},"end":{"line":null,"column":-1}},"72":{"start":{"line":258,"column":0},"end":{"line":null,"column":-1}},"73":{"start":{"line":259,"column":0},"end":{"line":264,"column":0}},"74":{"start":{"line":260,"column":0},"end":{"line":262,"column":0}},"75":{"start":{"line":261,"column":0},"end":{"line":null,"column":-1}},"76":{"start":{"line":263,"column":0},"end":{"line":null,"column":-1}},"77":{"start":{"line":267,"column":0},"end":{"line":289,"column":0}},"78":{"start":{"line":268,"column":0},"end":{"line":270,"column":0}},"79":{"start":{"line":269,"column":0},"end":{"line":null,"column":-1}},"80":{"start":{"line":271,"column":0},"end":{"line":273,"column":0}},"81":{"start":{"line":272,"column":0},"end":{"line":null,"column":-1}},"82":{"start":{"line":274,"column":0},"end":{"line":null,"column":-1}},"83":{"start":{"line":275,"column":0},"end":{"line":null,"column":-1}},"84":{"start":{"line":276,"column":0},"end":{"line":null,"column":-1}},"85":{"start":{"line":277,"column":0},"end":{"line":286,"column":0}},"86":{"start":{"line":278,"column":0},"end":{"line":null,"column":-1}},"87":{"start":{"line":279,"column":0},"end":{"line":281,"column":0}},"88":{"start":{"line":280,"column":0},"end":{"line":null,"column":-1}},"89":{"start":{"line":283,"column":0},"end":{"line":285,"column":0}},"90":{"start":{"line":284,"column":0},"end":{"line":null,"column":-1}},"91":{"start":{"line":287,"column":0},"end":{"line":null,"column":-1}},"92":{"start":{"line":288,"column":0},"end":{"line":null,"column":-1}},"93":{"start":{"line":293,"column":0},"end":{"line":305,"column":0}},"94":{"start":{"line":294,"column":0},"end":{"line":null,"column":-1}},"95":{"start":{"line":295,"column":0},"end":{"line":304,"column":0}},"96":{"start":{"line":296,"column":0},"end":{"line":null,"column":-1}},"97":{"start":{"line":298,"column":0},"end":{"line":null,"column":-1}},"98":{"start":{"line":299,"column":0},"end":{"line":null,"column":-1}},"99":{"start":{"line":302,"column":0},"end":{"line":null,"column":-1}},"100":{"start":{"line":303,"column":0},"end":{"line":null,"column":-1}},"101":{"start":{"line":306,"column":0},"end":{"line":313,"column":0}},"102":{"start":{"line":307,"column":0},"end":{"line":null,"column":-1}},"103":{"start":{"line":309,"column":0},"end":{"line":null,"column":-1}},"104":{"start":{"line":310,"column":0},"end":{"line":312,"column":0}},"105":{"start":{"line":311,"column":0},"end":{"line":null,"column":-1}},"106":{"start":{"line":316,"column":0},"end":{"line":null,"column":-1}},"107":{"start":{"line":317,"column":0},"end":{"line":null,"column":-1}},"108":{"start":{"line":318,"column":0},"end":{"line":null,"column":-1}},"109":{"start":{"line":321,"column":0},"end":{"line":null,"column":-1}},"110":{"start":{"line":322,"column":0},"end":{"line":355,"column":0}},"111":{"start":{"line":323,"column":0},"end":{"line":null,"column":-1}},"112":{"start":{"line":325,"column":0},"end":{"line":354,"column":0}},"113":{"start":{"line":326,"column":0},"end":{"line":null,"column":-1}},"114":{"start":{"line":327,"column":0},"end":{"line":null,"column":-1}},"115":{"start":{"line":328,"column":0},"end":{"line":null,"column":-1}},"116":{"start":{"line":331,"column":0},"end":{"line":null,"column":-1}},"117":{"start":{"line":332,"column":0},"end":{"line":null,"column":-1}},"118":{"start":{"line":334,"column":0},"end":{"line":342,"column":0}},"119":{"start":{"line":335,"column":0},"end":{"line":null,"column":-1}},"120":{"start":{"line":336,"column":0},"end":{"line":342,"column":0}},"121":{"start":{"line":337,"column":0},"end":{"line":null,"column":-1}},"122":{"start":{"line":338,"column":0},"end":{"line":null,"column":-1}},"123":{"start":{"line":339,"column":0},"end":{"line":null,"column":-1}},"124":{"start":{"line":340,"column":0},"end":{"line":342,"column":0}},"125":{"start":{"line":341,"column":0},"end":{"line":null,"column":-1}},"126":{"start":{"line":344,"column":0},"end":{"line":349,"column":0}},"127":{"start":{"line":345,"column":0},"end":{"line":null,"column":-1}},"128":{"start":{"line":346,"column":0},"end":{"line":349,"column":0}},"129":{"start":{"line":347,"column":0},"end":{"line":null,"column":-1}},"130":{"start":{"line":348,"column":0},"end":{"line":null,"column":-1}},"131":{"start":{"line":351,"column":0},"end":{"line":null,"column":-1}},"132":{"start":{"line":352,"column":0},"end":{"line":null,"column":-1}},"133":{"start":{"line":353,"column":0},"end":{"line":null,"column":-1}},"134":{"start":{"line":359,"column":0},"end":{"line":365,"column":0}},"135":{"start":{"line":360,"column":0},"end":{"line":364,"column":0}},"136":{"start":{"line":361,"column":0},"end":{"line":null,"column":-1}},"137":{"start":{"line":363,"column":0},"end":{"line":null,"column":-1}},"138":{"start":{"line":370,"column":0},"end":{"line":null,"column":-1}},"139":{"start":{"line":373,"column":0},"end":{"line":null,"column":-1}},"140":{"start":{"line":379,"column":0},"end":{"line":null,"column":-1}},"141":{"start":{"line":384,"column":0},"end":{"line":null,"column":-1}},"142":{"start":{"line":391,"column":0},"end":{"line":407,"column":0}},"143":{"start":{"line":392,"column":0},"end":{"line":null,"column":-1}},"144":{"start":{"line":393,"column":0},"end":{"line":null,"column":-1}},"145":{"start":{"line":398,"column":0},"end":{"line":null,"column":-1}},"146":{"start":{"line":400,"column":0},"end":{"line":null,"column":-1}},"147":{"start":{"line":402,"column":0},"end":{"line":404,"column":0}},"148":{"start":{"line":403,"column":0},"end":{"line":null,"column":-1}},"149":{"start":{"line":405,"column":0},"end":{"line":null,"column":-1}},"150":{"start":{"line":406,"column":0},"end":{"line":null,"column":-1}}},"fnMap":{"0":{"name":"(anonymous_2)","decl":{"start":{"line":31,"column":0},"end":{"line":null,"column":-1}},"loc":{"start":{"line":31,"column":0},"end":{"line":33,"column":0}}},"1":{"name":"(anonymous_3)","decl":{"start":{"line":34,"column":0},"end":{"line":null,"column":-1}},"loc":{"start":{"line":34,"column":0},"end":{"line":36,"column":0}}},"2":{"name":"(anonymous_4)","decl":{"start":{"line":37,"column":0},"end":{"line":null,"column":-1}},"loc":{"start":{"line":37,"column":0},"end":{"line":39,"column":0}}},"3":{"name":"stringToHyphens","decl":{"start":{"line":41,"column":0},"end":{"line":null,"column":-1}},"loc":{"start":{"line":41,"column":0},"end":{"line":43,"column":0}}},"4":{"name":"getCSSValue","decl":{"start":{"line":45,"column":0},"end":{"line":null,"column":-1}},"loc":{"start":{"line":45,"column":0},"end":{"line":49,"column":0}}},"5":{"name":"rand","decl":{"start":{"line":51,"column":0},"end":{"line":null,"column":-1}},"loc":{"start":{"line":51,"column":0},"end":{"line":53,"column":0}}},"6":{"name":"(anonymous_8)","decl":{"start":{"line":63,"column":0},"end":{"line":null,"column":-1}},"loc":{"start":{"line":63,"column":0},"end":{"line":65,"column":0}}},"7":{"name":"(anonymous_9)","decl":{"start":{"line":66,"column":0},"end":{"line":null,"column":-1}},"loc":{"start":{"line":66,"column":0},"end":{"line":68,"column":0}}},"8":{"name":"(anonymous_10)","decl":{"start":{"line":77,"column":0},"end":{"line":null,"column":-1}},"loc":{"start":{"line":77,"column":0},"end":{"line":null,"column":-1}}},"9":{"name":"(anonymous_11)","decl":{"start":{"line":132,"column":0},"end":{"line":null,"column":-1}},"loc":{"start":{"line":132,"column":0},"end":{"line":138,"column":0}}},"10":{"name":"(anonymous_12)","decl":{"start":{"line":169,"column":0},"end":{"line":null,"column":-1}},"loc":{"start":{"line":169,"column":0},"end":{"line":173,"column":0}}},"11":{"name":"(anonymous_13)","decl":{"start":{"line":277,"column":0},"end":{"line":null,"column":-1}},"loc":{"start":{"line":277,"column":0},"end":{"line":286,"column":0}}},"12":{"name":"(anonymous_14)","decl":{"start":{"line":279,"column":0},"end":{"line":null,"column":-1}},"loc":{"start":{"line":279,"column":0},"end":{"line":281,"column":0}}}},"branchMap":{"0":{"loc":{"start":{"line":46,"column":0},"end":{"line":48,"column":0}},"type":"if","locations":[{"start":{"line":46,"column":0},"end":{"line":48,"column":0}},{"start":{"line":46,"column":0},"end":{"line":48,"column":0}}]},"1":{"loc":{"start":{"line":47,"column":0},"end":{"line":null,"column":-1}},"type":"binary-expr","locations":[{"start":{"line":47,"column":0},"end":{"line":null,"column":-1}},{"start":{"line":47,"column":0},"end":{"line":null,"column":-1}}]},"2":{"loc":{"start":{"line":121,"column":0},"end":{"line":144,"column":0}},"type":"if","locations":[{"start":{"line":121,"column":0},"end":{"line":144,"column":0}},{"start":{"line":121,"column":0},"end":{"line":144,"column":0}}]},"3":{"loc":{"start":{"line":121,"column":0},"end":{"line":null,"column":-1}},"type":"binary-expr","locations":[{"start":{"line":121,"column":0},"end":{"line":null,"column":-1}},{"start":{"line":121,"column":0},"end":{"line":null,"column":-1}}]},"4":{"loc":{"start":{"line":125,"column":0},"end":{"line":127,"column":0}},"type":"if","locations":[{"start":{"line":125,"column":0},"end":{"line":127,"column":0}},{"start":{"line":125,"column":0},"end":{"line":127,"column":0}}]},"5":{"loc":{"start":{"line":135,"column":0},"end":{"line":137,"column":0}},"type":"if","locations":[{"start":{"line":135,"column":0},"end":{"line":137,"column":0}},{"start":{"line":135,"column":0},"end":{"line":137,"column":0}}]},"6":{"loc":{"start":{"line":141,"column":0},"end":{"line":143,"column":0}},"type":"if","locations":[{"start":{"line":141,"column":0},"end":{"line":143,"column":0}},{"start":{"line":141,"column":0},"end":{"line":143,"column":0}}]},"7":{"loc":{"start":{"line":148,"column":0},"end":{"line":null,"column":-1}},"type":"cond-expr","locations":[{"start":{"line":148,"column":0},"end":{"line":null,"column":-1}},{"start":{"line":148,"column":0},"end":{"line":null,"column":-1}}]},"8":{"loc":{"start":{"line":149,"column":0},"end":{"line":159,"column":0}},"type":"if","locations":[{"start":{"line":149,"column":0},"end":{"line":159,"column":0}},{"start":{"line":149,"column":0},"end":{"line":159,"column":0}}]},"9":{"loc":{"start":{"line":152,"column":0},"end":{"line":null,"column":-1}},"type":"binary-expr","locations":[{"start":{"line":152,"column":0},"end":{"line":null,"column":-1}},{"start":{"line":152,"column":0},"end":{"line":null,"column":-1}}]},"10":{"loc":{"start":{"line":156,"column":0},"end":{"line":null,"column":-1}},"type":"binary-expr","locations":[{"start":{"line":156,"column":0},"end":{"line":null,"column":-1}},{"start":{"line":156,"column":0},"end":{"line":null,"column":-1}}]},"11":{"loc":{"start":{"line":163,"column":0},"end":{"line":null,"column":-1}},"type":"cond-expr","locations":[{"start":{"line":163,"column":0},"end":{"line":null,"column":-1}},{"start":{"line":163,"column":0},"end":{"line":null,"column":-1}}]},"12":{"loc":{"start":{"line":164,"column":0},"end":{"line":null,"column":-1}},"type":"cond-expr","locations":[{"start":{"line":164,"column":0},"end":{"line":null,"column":-1}},{"start":{"line":164,"column":0},"end":{"line":null,"column":-1}}]},"13":{"loc":{"start":{"line":170,"column":0},"end":{"line":172,"column":0}},"type":"if","locations":[{"start":{"line":170,"column":0},"end":{"line":172,"column":0}},{"start":{"line":170,"column":0},"end":{"line":172,"column":0}}]},"14":{"loc":{"start":{"line":177,"column":0},"end":{"line":null,"column":-1}},"type":"cond-expr","locations":[{"start":{"line":177,"column":0},"end":{"line":null,"column":-1}},{"start":{"line":177,"column":0},"end":{"line":null,"column":-1}}]},"15":{"loc":{"start":{"line":178,"column":0},"end":{"line":null,"column":-1}},"type":"cond-expr","locations":[{"start":{"line":178,"column":0},"end":{"line":null,"column":-1}},{"start":{"line":178,"column":0},"end":{"line":null,"column":-1}}]},"16":{"loc":{"start":{"line":187,"column":0},"end":{"line":null,"column":-1}},"type":"cond-expr","locations":[{"start":{"line":187,"column":0},"end":{"line":null,"column":-1}},{"start":{"line":187,"column":0},"end":{"line":null,"column":-1}}]},"17":{"loc":{"start":{"line":193,"column":0},"end":{"line":null,"column":-1}},"type":"cond-expr","locations":[{"start":{"line":193,"column":0},"end":{"line":null,"column":-1}},{"start":{"line":193,"column":0},"end":{"line":null,"column":-1}}]},"18":{"loc":{"start":{"line":196,"column":0},"end":{"line":206,"column":0}},"type":"if","locations":[{"start":{"line":196,"column":0},"end":{"line":206,"column":0}},{"start":{"line":196,"column":0},"end":{"line":206,"column":0}}]},"19":{"loc":{"start":{"line":197,"column":0},"end":{"line":null,"column":-1}},"type":"cond-expr","locations":[{"start":{"line":197,"column":0},"end":{"line":null,"column":-1}},{"start":{"line":197,"column":0},"end":{"line":null,"column":-1}}]},"20":{"loc":{"start":{"line":202,"column":0},"end":{"line":null,"column":-1}},"type":"cond-expr","locations":[{"start":{"line":202,"column":0},"end":{"line":null,"column":-1}},{"start":{"line":202,"column":0},"end":{"line":null,"column":-1}}]},"21":{"loc":{"start":{"line":212,"column":0},"end":{"line":219,"column":0}},"type":"if","locations":[{"start":{"line":212,"column":0},"end":{"line":219,"column":0}},{"start":{"line":212,"column":0},"end":{"line":219,"column":0}}]},"22":{"loc":{"start":{"line":215,"column":0},"end":{"line":null,"column":-1}},"type":"cond-expr","locations":[{"start":{"line":215,"column":0},"end":{"line":null,"column":-1}},{"start":{"line":215,"column":0},"end":{"line":null,"column":-1}}]},"23":{"loc":{"start":{"line":216,"column":0},"end":{"line":null,"column":-1}},"type":"cond-expr","locations":[{"start":{"line":216,"column":0},"end":{"line":null,"column":-1}},{"start":{"line":216,"column":0},"end":{"line":null,"column":-1}}]},"24":{"loc":{"start":{"line":220,"column":0},"end":{"line":223,"column":0}},"type":"if","locations":[{"start":{"line":220,"column":0},"end":{"line":223,"column":0}},{"start":{"line":220,"column":0},"end":{"line":223,"column":0}}]},"25":{"loc":{"start":{"line":227,"column":0},"end":{"line":null,"column":-1}},"type":"cond-expr","locations":[{"start":{"line":227,"column":0},"end":{"line":null,"column":-1}},{"start":{"line":227,"column":0},"end":{"line":null,"column":-1}}]},"26":{"loc":{"start":{"line":230,"column":0},"end":{"line":null,"column":-1}},"type":"cond-expr","locations":[{"start":{"line":230,"column":0},"end":{"line":null,"column":-1}},{"start":{"line":230,"column":0},"end":{"line":null,"column":-1}}]},"27":{"loc":{"start":{"line":236,"column":0},"end":{"line":null,"column":-1}},"type":"cond-expr","locations":[{"start":{"line":236,"column":0},"end":{"line":null,"column":-1}},{"start":{"line":236,"column":0},"end":{"line":null,"column":-1}}]},"28":{"loc":{"start":{"line":240,"column":0},"end":{"line":null,"column":-1}},"type":"cond-expr","locations":[{"start":{"line":240,"column":0},"end":{"line":null,"column":-1}},{"start":{"line":240,"column":0},"end":{"line":null,"column":-1}}]},"29":{"loc":{"start":{"line":243,"column":0},"end":{"line":null,"column":-1}},"type":"cond-expr","locations":[{"start":{"line":243,"column":0},"end":{"line":null,"column":-1}},{"start":{"line":243,"column":0},"end":{"line":null,"column":-1}}]},"30":{"loc":{"start":{"line":245,"column":0},"end":{"line":null,"column":-1}},"type":"cond-expr","locations":[{"start":{"line":245,"column":0},"end":{"line":null,"column":-1}},{"start":{"line":245,"column":0},"end":{"line":null,"column":-1}}]},"31":{"loc":{"start":{"line":251,"column":0},"end":{"line":253,"column":0}},"type":"if","locations":[{"start":{"line":251,"column":0},"end":{"line":253,"column":0}},{"start":{"line":251,"column":0},"end":{"line":253,"column":0}}]},"32":{"loc":{"start":{"line":259,"column":0},"end":{"line":264,"column":0}},"type":"if","locations":[{"start":{"line":259,"column":0},"end":{"line":264,"column":0}},{"start":{"line":259,"column":0},"end":{"line":264,"column":0}}]},"33":{"loc":{"start":{"line":260,"column":0},"end":{"line":262,"column":0}},"type":"if","locations":[{"start":{"line":260,"column":0},"end":{"line":262,"column":0}},{"start":{"line":260,"column":0},"end":{"line":262,"column":0}}]},"34":{"loc":{"start":{"line":267,"column":0},"end":{"line":289,"column":0}},"type":"if","locations":[{"start":{"line":267,"column":0},"end":{"line":289,"column":0}},{"start":{"line":267,"column":0},"end":{"line":289,"column":0}}]},"35":{"loc":{"start":{"line":268,"column":0},"end":{"line":270,"column":0}},"type":"if","locations":[{"start":{"line":268,"column":0},"end":{"line":270,"column":0}},{"start":{"line":268,"column":0},"end":{"line":270,"column":0}}]},"36":{"loc":{"start":{"line":271,"column":0},"end":{"line":273,"column":0}},"type":"if","locations":[{"start":{"line":271,"column":0},"end":{"line":273,"column":0}},{"start":{"line":271,"column":0},"end":{"line":273,"column":0}}]},"37":{"loc":{"start":{"line":283,"column":0},"end":{"line":285,"column":0}},"type":"if","locations":[{"start":{"line":283,"column":0},"end":{"line":285,"column":0}},{"start":{"line":283,"column":0},"end":{"line":285,"column":0}}]},"38":{"loc":{"start":{"line":295,"column":0},"end":{"line":304,"column":0}},"type":"if","locations":[{"start":{"line":295,"column":0},"end":{"line":304,"column":0}},{"start":{"line":295,"column":0},"end":{"line":304,"column":0}}]},"39":{"loc":{"start":{"line":303,"column":0},"end":{"line":null,"column":-1}},"type":"cond-expr","locations":[{"start":{"line":303,"column":0},"end":{"line":null,"column":-1}},{"start":{"line":303,"column":0},"end":{"line":null,"column":-1}}]},"40":{"loc":{"start":{"line":306,"column":0},"end":{"line":313,"column":0}},"type":"if","locations":[{"start":{"line":306,"column":0},"end":{"line":313,"column":0}},{"start":{"line":306,"column":0},"end":{"line":313,"column":0}}]},"41":{"loc":{"start":{"line":310,"column":0},"end":{"line":312,"column":0}},"type":"if","locations":[{"start":{"line":310,"column":0},"end":{"line":312,"column":0}},{"start":{"line":310,"column":0},"end":{"line":312,"column":0}}]},"42":{"loc":{"start":{"line":325,"column":0},"end":{"line":354,"column":0}},"type":"if","locations":[{"start":{"line":325,"column":0},"end":{"line":354,"column":0}},{"start":{"line":325,"column":0},"end":{"line":354,"column":0}}]},"43":{"loc":{"start":{"line":328,"column":0},"end":{"line":null,"column":-1}},"type":"cond-expr","locations":[{"start":{"line":328,"column":0},"end":{"line":null,"column":-1}},{"start":{"line":328,"column":0},"end":{"line":null,"column":-1}}]},"44":{"loc":{"start":{"line":334,"column":0},"end":{"line":342,"column":0}},"type":"if","locations":[{"start":{"line":334,"column":0},"end":{"line":342,"column":0}},{"start":{"line":334,"column":0},"end":{"line":342,"column":0}}]},"45":{"loc":{"start":{"line":336,"column":0},"end":{"line":342,"column":0}},"type":"if","locations":[{"start":{"line":336,"column":0},"end":{"line":342,"column":0}},{"start":{"line":336,"column":0},"end":{"line":342,"column":0}}]},"46":{"loc":{"start":{"line":340,"column":0},"end":{"line":342,"column":0}},"type":"if","locations":[{"start":{"line":340,"column":0},"end":{"line":342,"column":0}},{"start":{"line":340,"column":0},"end":{"line":342,"column":0}}]},"47":{"loc":{"start":{"line":344,"column":0},"end":{"line":349,"column":0}},"type":"if","locations":[{"start":{"line":344,"column":0},"end":{"line":349,"column":0}},{"start":{"line":344,"column":0},"end":{"line":349,"column":0}}]},"48":{"loc":{"start":{"line":346,"column":0},"end":{"line":349,"column":0}},"type":"if","locations":[{"start":{"line":346,"column":0},"end":{"line":349,"column":0}},{"start":{"line":346,"column":0},"end":{"line":349,"column":0}}]},"49":{"loc":{"start":{"line":359,"column":0},"end":{"line":365,"column":0}},"type":"if","locations":[{"start":{"line":359,"column":0},"end":{"line":365,"column":0}},{"start":{"line":359,"column":0},"end":{"line":365,"column":0}}]},"50":{"loc":{"start":{"line":360,"column":0},"end":{"line":364,"column":0}},"type":"if","locations":[{"start":{"line":360,"column":0},"end":{"line":364,"column":0}},{"start":{"line":360,"column":0},"end":{"line":364,"column":0}}]},"51":{"loc":{"start":{"line":384,"column":0},"end":{"line":null,"column":-1}},"type":"binary-expr","locations":[{"start":{"line":384,"column":0},"end":{"line":null,"column":-1}},{"start":{"line":384,"column":0},"end":{"line":null,"column":-1}}]},"52":{"loc":{"start":{"line":391,"column":0},"end":{"line":407,"column":0}},"type":"if","locations":[{"start":{"line":391,"column":0},"end":{"line":407,"column":0}},{"start":{"line":391,"column":0},"end":{"line":407,"column":0}}]},"53":{"loc":{"start":{"line":402,"column":0},"end":{"line":404,"column":0}},"type":"if","locations":[{"start":{"line":402,"column":0},"end":{"line":404,"column":0}},{"start":{"line":402,"column":0},"end":{"line":404,"column":0}}]}},"s":{"0":0,"1":0,"2":0,"3":0,"4":0,"5":0,"6":0,"7":0,"8":0,"9":0,"10":0,"11":0,"12":0,"13":0,"14":0,"15":0,"16":0,"17":0,"18":0,"19":0,"20":0,"21":0,"22":0,"23":0,"24":0,"25":0,"26":0,"27":0,"28":0,"29":0,"30":0,"31":0,"32":0,"33":0,"34":0,"35":0,"36":0,"37":0,"38":0,"39":0,"40":0,"41":0,"42":0,"43":0,"44":0,"45":0,"46":0,"47":0,"48":0,"49":0,"50":0,"51":0,"52":0,"53":0,"54":0,"55":0,"56":0,"57":0,"58":0,"59":0,"60":0,"61":0,"62":0,"63":0,"64":0,"65":0,"66":0,"67":0,"68":0,"69":0,"70":0,"71":0,"72":0,"73":0,"74":0,"75":0,"76":0,"77":0,"78":0,"79":0,"80":0,"81":0,"82":0,"83":0,"84":0,"85":0,"86":0,"87":0,"88":0,"89":0,"90":0,"91":0,"92":0,"93":0,"94":0,"95":0,"96":0,"97":0,"98":0,"99":0,"100":0,"101":0,"102":0,"103":0,"104":0,"105":0,"106":0,"107":0,"108":0,"109":0,"110":0,"111":0,"112":0,"113":0,"114":0,"115":0,"116":0,"117":0,"118":0,"119":0,"120":0,"121":0,"122":0,"123":0,"124":0,"125":0,"126":0,"127":0,"128":0,"129":0,"130":0,"131":0,"132":0,"133":0,"134":0,"135":0,"136":0,"137":0,"138":0,"139":0,"140":0,"141":0,"142":0,"143":0,"144":0,"145":0,"146":0,"147":0,"148":0,"149":0,"150":0},"f":{"0":0,"1":0,"2":0,"3":0,"4":0,"5":0,"6":0,"7":0,"8":0,"9":0,"10":0,"11":0,"12":0},"b":{"0":[0,0],"1":[0,0],"2":[0,0],"3":[0,0],"4":[0,0],"5":[0,0],"6":[0,0],"7":[0,0],"8":[0,0],"9":[0,0],"10":[0,0],"11":[0,0],"12":[0,0],"13":[0,0],"14":[0,0],"15":[0,0],"16":[0,0],"17":[0,0],"18":[0,0],"19":[0,0],"20":[0,0],"21":[0,0],"22":[0,0],"23":[0,0],"24":[0,0],"25":[0,0],"26":[0,0],"27":[0,0],"28":[0,0],"29":[0,0],"30":[0,0],"31":[0,0],"32":[0,0],"33":[0,0],"34":[0,0],"35":[0,0],"36":[0,0],"37":[0,0],"38":[0,0],"39":[0,0],"40":[0,0],"41":[0,0],"42":[0,0],"43":[0,0],"44":[0,0],"45":[0,0],"46":[0,0],"47":[0,0],"48":[0,0],"49":[0,0],"50":[0,0],"51":[0,0],"52":[0,0],"53":[0,0]}}
}
