TN:
SF:/Users/vincent/Documents/Vincent/vue-particle-effect-buttons/src/index.vue
FN:31,(anonymous_2)
FN:34,(anonymous_3)
FN:37,(anonymous_4)
FN:41,stringToHyphens
FN:45,getCSSValue
FN:51,rand
FN:63,(anonymous_8)
FN:66,(anonymous_9)
FN:77,(anonymous_10)
FN:132,(anonymous_11)
FN:169,(anonymous_12)
FN:277,(anonymous_13)
FN:279,(anonymous_14)
FNF:13
FNH:0
FNDA:0,(anonymous_2)
FNDA:0,(anonymous_3)
FNDA:0,(anonymous_4)
FNDA:0,stringToHyphens
FNDA:0,getCSSValue
FNDA:0,rand
FNDA:0,(anonymous_8)
FNDA:0,(anonymous_9)
FNDA:0,(anonymous_10)
FNDA:0,(anonymous_11)
FNDA:0,(anonymous_12)
FNDA:0,(anonymous_13)
FNDA:0,(anonymous_14)
DA:27,0
DA:30,0
DA:32,0
DA:35,0
DA:38,0
DA:42,0
DA:46,0
DA:47,0
DA:52,0
DA:56,0
DA:64,0
DA:67,0
DA:77,0
DA:94,0
DA:110,0
DA:111,0
DA:112,0
DA:116,0
DA:117,0
DA:118,0
DA:121,0
DA:123,0
DA:125,0
DA:126,0
DA:128,0
DA:129,0
DA:131,0
DA:132,0
DA:133,0
DA:134,0
DA:135,0
DA:136,0
DA:139,0
DA:141,0
DA:142,0
DA:147,0
DA:148,0
DA:149,0
DA:150,0
DA:152,0
DA:156,0
DA:162,0
DA:170,0
DA:171,0
DA:177,0
DA:178,0
DA:183,0
DA:184,0
DA:187,0
DA:190,0
DA:191,0
DA:192,0
DA:193,0
DA:196,0
DA:197,0
DA:202,0
DA:207,0
DA:211,0
DA:212,0
DA:213,0
DA:214,0
DA:220,0
DA:221,0
DA:222,0
DA:226,0
DA:227,0
DA:230,0
DA:233,0
DA:251,0
DA:252,0
DA:254,0
DA:257,0
DA:258,0
DA:259,0
DA:260,0
DA:261,0
DA:263,0
DA:267,0
DA:268,0
DA:269,0
DA:271,0
DA:272,0
DA:274,0
DA:275,0
DA:276,0
DA:277,0
DA:278,0
DA:279,0
DA:280,0
DA:283,0
DA:284,0
DA:287,0
DA:288,0
DA:293,0
DA:294,0
DA:295,0
DA:296,0
DA:298,0
DA:299,0
DA:302,0
DA:303,0
DA:306,0
DA:307,0
DA:309,0
DA:310,0
DA:311,0
DA:316,0
DA:317,0
DA:318,0
DA:321,0
DA:322,0
DA:323,0
DA:325,0
DA:326,0
DA:327,0
DA:328,0
DA:331,0
DA:332,0
DA:334,0
DA:335,0
DA:336,0
DA:337,0
DA:338,0
DA:339,0
DA:340,0
DA:341,0
DA:344,0
DA:345,0
DA:346,0
DA:347,0
DA:348,0
DA:351,0
DA:352,0
DA:353,0
DA:359,0
DA:360,0
DA:361,0
DA:363,0
DA:370,0
DA:373,0
DA:379,0
DA:384,0
DA:391,0
DA:392,0
DA:393,0
DA:398,0
DA:400,0
DA:402,0
DA:403,0
DA:405,0
DA:406,0
LF:151
LH:0
BRDA:46,0,0,0
BRDA:46,0,1,0
BRDA:47,1,0,0
BRDA:47,1,1,0
BRDA:121,2,0,0
BRDA:121,2,1,0
BRDA:121,3,0,0
BRDA:121,3,1,0
BRDA:125,4,0,0
BRDA:125,4,1,0
BRDA:135,5,0,0
BRDA:135,5,1,0
BRDA:141,6,0,0
BRDA:141,6,1,0
BRDA:148,7,0,0
BRDA:148,7,1,0
BRDA:149,8,0,0
BRDA:149,8,1,0
BRDA:152,9,0,0
BRDA:152,9,1,0
BRDA:156,10,0,0
BRDA:156,10,1,0
BRDA:163,11,0,0
BRDA:163,11,1,0
BRDA:164,12,0,0
BRDA:164,12,1,0
BRDA:170,13,0,0
BRDA:170,13,1,0
BRDA:177,14,0,0
BRDA:177,14,1,0
BRDA:178,15,0,0
BRDA:178,15,1,0
BRDA:187,16,0,0
BRDA:187,16,1,0
BRDA:193,17,0,0
BRDA:193,17,1,0
BRDA:196,18,0,0
BRDA:196,18,1,0
BRDA:197,19,0,0
BRDA:197,19,1,0
BRDA:202,20,0,0
BRDA:202,20,1,0
BRDA:212,21,0,0
BRDA:212,21,1,0
BRDA:215,22,0,0
BRDA:215,22,1,0
BRDA:216,23,0,0
BRDA:216,23,1,0
BRDA:220,24,0,0
BRDA:220,24,1,0
BRDA:227,25,0,0
BRDA:227,25,1,0
BRDA:230,26,0,0
BRDA:230,26,1,0
BRDA:236,27,0,0
BRDA:236,27,1,0
BRDA:240,28,0,0
BRDA:240,28,1,0
BRDA:243,29,0,0
BRDA:243,29,1,0
BRDA:245,30,0,0
BRDA:245,30,1,0
BRDA:251,31,0,0
BRDA:251,31,1,0
BRDA:259,32,0,0
BRDA:259,32,1,0
BRDA:260,33,0,0
BRDA:260,33,1,0
BRDA:267,34,0,0
BRDA:267,34,1,0
BRDA:268,35,0,0
BRDA:268,35,1,0
BRDA:271,36,0,0
BRDA:271,36,1,0
BRDA:283,37,0,0
BRDA:283,37,1,0
BRDA:295,38,0,0
BRDA:295,38,1,0
BRDA:303,39,0,0
BRDA:303,39,1,0
BRDA:306,40,0,0
BRDA:306,40,1,0
BRDA:310,41,0,0
BRDA:310,41,1,0
BRDA:325,42,0,0
BRDA:325,42,1,0
BRDA:328,43,0,0
BRDA:328,43,1,0
BRDA:334,44,0,0
BRDA:334,44,1,0
BRDA:336,45,0,0
BRDA:336,45,1,0
BRDA:340,46,0,0
BRDA:340,46,1,0
BRDA:344,47,0,0
BRDA:344,47,1,0
BRDA:346,48,0,0
BRDA:346,48,1,0
BRDA:359,49,0,0
BRDA:359,49,1,0
BRDA:360,50,0,0
BRDA:360,50,1,0
BRDA:384,51,0,0
BRDA:384,51,1,0
BRDA:391,52,0,0
BRDA:391,52,1,0
BRDA:402,53,0,0
BRDA:402,53,1,0
BRF:108
BRH:0
end_of_record
